Sentinel-Brain Hardware-Sync Active...
[*] Forensic Brain starting analysis for: sleep...
[+] Forensic Brain cleared sleep as SAFE. Logged in background.
[*] Forensic Brain starting analysis for: sleep...
[+] Forensic Brain cleared sleep as SAFE. Logged in background.
[*] Forensic Brain starting analysis for: sleep...
[+] Forensic Brain cleared sleep as SAFE. Logged in background.
[*] Forensic Brain starting analysis for: sleep...
[+] Forensic Brain cleared sleep as SAFE. Logged in background.
[*] Forensic Brain starting analysis for: sleep...
[+] Forensic Brain cleared sleep as SAFE. Logged in background.
[*] Forensic Brain starting analysis for: sleep...
[+] Forensic Brain cleared sleep as SAFE. Logged in background.
[*] Forensic Brain starting analysis for: sleep...
[+] Forensic Brain cleared sleep as SAFE. Logged in background.
[*] Forensic Brain starting analysis for: sleep...[*] Forensic Brain starting analysis for: sleep...

[+] Forensic Brain cleared sleep as SAFE. Logged in background.
[+] Forensic Brain cleared sleep as SAFE. Logged in background.
[*] Forensic Brain starting analysis for: sleep...
[+] Forensic Brain cleared sleep as SAFE. Logged in background.
[*] Forensic Brain starting analysis for: sleep...
[+] Forensic Brain cleared sleep as SAFE. Logged in background.
[*] Forensic Brain starting analysis for: sleep...
[+] Forensic Brain cleared sleep as SAFE. Logged in background.
[*] Forensic Brain starting analysis for: sleep...
[+] Forensic Brain cleared sleep as SAFE. Logged in background.
[*] Forensic Brain starting analysis for: sleep...
[+] Forensic Brain cleared sleep as SAFE. Logged in background.
[*] Forensic Brain starting analysis for: sleep...
[+] Forensic Brain cleared sleep as SAFE. Logged in background.
[!] REFLEX BRAIN SYSCALL BLOCK: system76-scheduler
[KILL] Process 1119 (system76-scheduler) forcefully killed.
[*] Forensic Brain starting analysis for: system76-scheduler...
[+] Forensic Brain finished analyzing system76-scheduler. Details sent to UI.
[!] REFLEX BRAIN SYSCALL BLOCK: system76-scheduler
[KILL] Process 1119 may already be dead or unreachable.
[*] Forensic Brain starting analysis for: system76-scheduler...
[+] Forensic Brain finished analyzing system76-scheduler. Details sent to UI.
[*] Calming down hardware (Balanced Mode)...
[*] Forensic Brain starting analysis for: system76-scheduler...
[+] Forensic Brain cleared system76-scheduler as SAFE. Logged in background.
[*] Forensic Brain starting analysis for: system76-scheduler...
[+] Forensic Brain cleared system76-scheduler as SAFE. Logged in background.
[*] Calming down hardware (Balanced Mode)...
[*] Forensic Brain starting analysis for: system76-scheduler...
[+] Forensic Brain cleared system76-scheduler as SAFE. Logged in background.
[*] Forensic Brain starting analysis for: system76-scheduler...
[+] Forensic Brain cleared system76-scheduler as SAFE. Logged in background.
[*] Forensic Brain starting analysis for: system76-power...
[+] Forensic Brain cleared system76-power as SAFE. Logged in background.
[*] Forensic Brain starting analysis for: system76-power...
[+] Forensic Brain cleared system76-power as SAFE. Logged in background.
[*] Forensic Brain starting analysis for: system76-power...
[+] Forensic Brain cleared system76-power as SAFE. Logged in background.
[*] Forensic Brain starting analysis for: system76-power...
[+] Forensic Brain cleared system76-power as SAFE. Logged in background.
[*] Forensic Brain starting analysis for: system76-power...
[+] Forensic Brain cleared system76-power as SAFE. Logged in background.
[*] Forensic Brain starting analysis for: system76-power...
[+] Forensic Brain cleared system76-power as SAFE. Logged in background.
[*] Forensic Brain starting analysis for: system76-power...
[+] Forensic Brain cleared system76-power as SAFE. Logged in background.
[!] REFLEX BRAIN SYSCALL BLOCK: system76-power
[KILL] Process 48362 (system76-power) forcefully killed.
[*] Forensic Brain starting analysis for: system76-power...
[+] Forensic Brain finished analyzing system76-power. Details sent to UI.
[!] REFLEX BRAIN SYSCALL BLOCK: system76-power
[KILL] Process 48362 may already be dead or unreachable.
[*] Forensic Brain starting analysis for: system76-power...
[+] Forensic Brain finished analyzing system76-power. Details sent to UI.
[*] Calming down hardware (Balanced Mode)...
[*] Forensic Brain starting analysis for: system76-power...
[+] Forensic Brain cleared system76-power as SAFE. Logged in background.
[*] Forensic Brain starting analysis for: system76-power...
[+] Forensic Brain cleared system76-power as SAFE. Logged in background.
[*] Calming down hardware (Balanced Mode)...
[*] Forensic Brain starting analysis for: system76-power...
[+] Forensic Brain cleared system76-power as SAFE. Logged in background.
[*] Forensic Brain starting analysis for: system76-power...
[+] Forensic Brain cleared system76-power as SAFE. Logged in background.
[*] Forensic Brain starting analysis for: system76-power...
[+] Forensic Brain cleared system76-power as SAFE. Logged in background.
[*] Forensic Brain starting analysis for: system76-power...
[+] Forensic Brain cleared system76-power as SAFE. Logged in background.
[*] Forensic Brain starting analysis for: system76-power...
[*] Forensic Brain starting analysis for: system76-power...
[+] Forensic Brain cleared system76-power as SAFE. Logged in background.
[+] Forensic Brain cleared system76-power as SAFE. Logged in background.
[*] Forensic Brain starting analysis for: system76-scheduler...
[+] Forensic Brain cleared system76-scheduler as SAFE. Logged in background.
[*] Forensic Brain starting analysis for: system76-scheduler...
[+] Forensic Brain cleared system76-scheduler as SAFE. Logged in background.
[*] Forensic Brain starting analysis for: system76-scheduler...
[+] Forensic Brain cleared system76-scheduler as SAFE. Logged in background.
[*] Forensic Brain starting analysis for: system76-scheduler...
[+] Forensic Brain cleared system76-scheduler as SAFE. Logged in background.
[*] Forensic Brain starting analysis for: system76-scheduler...
[+] Forensic Brain cleared system76-scheduler as SAFE. Logged in background.
[*] Forensic Brain starting analysis for: system76-scheduler...
[+] Forensic Brain cleared system76-scheduler as SAFE. Logged in background.
[*] Forensic Brain starting analysis for: system76-scheduler...
[+] Forensic Brain cleared system76-scheduler as SAFE. Logged in background.
[*] Forensic Brain starting analysis for: system76-scheduler...
[+] Forensic Brain cleared system76-scheduler as SAFE. Logged in background.
[!] REFLEX BRAIN SYSCALL BLOCK: system76-scheduler
[KILL] Process 1119 may already be dead or unreachable.
[*] Forensic Brain starting analysis for: system76-scheduler...
[+] Forensic Brain finished analyzing system76-scheduler. Details sent to UI.
[!] REFLEX BRAIN SYSCALL BLOCK: system76-scheduler
[KILL] Process 1119 may already be dead or unreachable.
[*] Forensic Brain starting analysis for: system76-scheduler...
[+] Forensic Brain finished analyzing system76-scheduler. Details sent to UI.
[*] Forensic Brain starting analysis for: system76-scheduler...
[+] Forensic Brain cleared system76-scheduler as SAFE. Logged in background.
[*] Forensic Brain starting analysis for: system76-scheduler...
[+] Forensic Brain cleared system76-scheduler as SAFE. Logged in background.
[*] Calming down hardware (Balanced Mode)...
[*] Forensic Brain starting analysis for: system76-scheduler...
[+] Forensic Brain cleared system76-scheduler as SAFE. Logged in background.
[*] Calming down hardware (Balanced Mode)...
[!] REFLEX BRAIN SYSCALL BLOCK: system76-scheduler
[KILL] Process 1119 may already be dead or unreachable.
[*] Forensic Brain starting analysis for: system76-scheduler...
[+] Forensic Brain finished analyzing system76-scheduler. Details sent to UI.
[*] Calming down hardware (Balanced Mode)...
[*] Forensic Brain starting analysis for: system76-scheduler...
[+] Forensic Brain cleared system76-scheduler as SAFE. Logged in background.
[!] REFLEX BRAIN SYSCALL BLOCK: system76-scheduler
[KILL] Process 1119 may already be dead or unreachable.
[*] Forensic Brain starting analysis for: system76-scheduler...
[+] Forensic Brain finished analyzing system76-scheduler. Details sent to UI.
[!] REFLEX BRAIN SYSCALL BLOCK: system76-scheduler
[KILL] Process 1119 may already be dead or unreachable.
[*] Forensic Brain starting analysis for: system76-scheduler...
[+] Forensic Brain finished analyzing system76-scheduler. Details sent to UI.
[*] Forensic Brain starting analysis for: system76-scheduler...
[+] Forensic Brain cleared system76-scheduler as SAFE. Logged in background.
[*] Calming down hardware (Balanced Mode)...
[*] Forensic Brain starting analysis for: system76-scheduler...
[+] Forensic Brain cleared system76-scheduler as SAFE. Logged in background.
[*] Forensic Brain starting analysis for: system76-scheduler...
[+] Forensic Brain cleared system76-scheduler as SAFE. Logged in background.
[*] Calming down hardware (Balanced Mode)...
[!] REFLEX BRAIN SYSCALL BLOCK: system76-scheduler
[KILL] Process 1119 may already be dead or unreachable.
[*] Forensic Brain starting analysis for: system76-scheduler...
[+] Forensic Brain finished analyzing system76-scheduler. Details sent to UI.
[*] Forensic Brain starting analysis for: system76-scheduler...
[+] Forensic Brain cleared system76-scheduler as SAFE. Logged in background.
[*] Forensic Brain starting analysis for: system76-scheduler...
[+] Forensic Brain cleared system76-scheduler as SAFE. Logged in background.
[*] Calming down hardware (Balanced Mode)...
[*] Forensic Brain starting analysis for: system76-scheduler...
[+] Forensic Brain cleared system76-scheduler as SAFE. Logged in background.
[!] REFLEX BRAIN SYSCALL BLOCK: system76-scheduler
[KILL] Process 1119 may already be dead or unreachable.
[*] Forensic Brain starting analysis for: system76-scheduler...
[+] Forensic Brain finished analyzing system76-scheduler. Details sent to UI.
[*] Forensic Brain starting analysis for: system76-scheduler...
[+] Forensic Brain cleared system76-scheduler as SAFE. Logged in background.
[*] Forensic Brain starting analysis for: system76-power...
[+] Forensic Brain cleared system76-power as SAFE. Logged in background.
[*] Calming down hardware (Balanced Mode)...
[*] Forensic Brain starting analysis for: system76-power...
[+] Forensic Brain cleared system76-power as SAFE. Logged in background.
[*] Forensic Brain starting analysis for: system76-power...
[+] Forensic Brain cleared system76-power as SAFE. Logged in background.
[*] Forensic Brain starting analysis for: system76-power...
[+] Forensic Brain cleared system76-power as SAFE. Logged in background.
[*] Forensic Brain starting analysis for: system76-power...
[+] Forensic Brain cleared system76-power as SAFE. Logged in background.
[*] Forensic Brain starting analysis for: system76-power...
[+] Forensic Brain cleared system76-power as SAFE. Logged in background.
[*] Forensic Brain starting analysis for: system76-power...
[+] Forensic Brain cleared system76-power as SAFE. Logged in background.
[*] Forensic Brain starting analysis for: system76-power...
[+] Forensic Brain cleared system76-power as SAFE. Logged in background.
[!] REFLEX BRAIN SYSCALL BLOCK: system76-power
[KILL] Process 48362 may already be dead or unreachable.
[*] Forensic Brain starting analysis for: system76-power...
[+] Forensic Brain finished analyzing system76-power. Details sent to UI.
[*] Forensic Brain starting analysis for: system76-power...
[+] Forensic Brain cleared system76-power as SAFE. Logged in background.
[*] Forensic Brain starting analysis for: system76-power...
[+] Forensic Brain cleared system76-power as SAFE. Logged in background.
[*] Forensic Brain starting analysis for: system76-power...
[+] Forensic Brain cleared system76-power as SAFE. Logged in background.
[*] Calming down hardware (Balanced Mode)...
[*] Forensic Brain starting analysis for: system76-power...
[+] Forensic Brain cleared system76-power as SAFE. Logged in background.
[*] Forensic Brain starting analysis for: system76-power...
[+] Forensic Brain cleared system76-power as SAFE. Logged in background.
[*] Forensic Brain starting analysis for: system76-power...
[+] Forensic Brain cleared system76-power as SAFE. Logged in background.
[*] Forensic Brain starting analysis for: system76-power...
[+] Forensic Brain cleared system76-power as SAFE. Logged in background.
[*] Forensic Brain starting analysis for: system76-power...
[+] Forensic Brain cleared system76-power as SAFE. Logged in background.
[*] Forensic Brain starting analysis for: system76-scheduler...
[+] Forensic Brain cleared system76-scheduler as SAFE. Logged in background.
[*] Forensic Brain starting analysis for: system76-scheduler...
[+] Forensic Brain cleared system76-scheduler as SAFE. Logged in background.
[*] Forensic Brain starting analysis for: system76-scheduler...
[+] Forensic Brain cleared system76-scheduler as SAFE. Logged in background.
[*] Forensic Brain starting analysis for: system76-scheduler...
[+] Forensic Brain cleared system76-scheduler as SAFE. Logged in background.
[!] REFLEX BRAIN SYSCALL BLOCK: system76-scheduler
[KILL] Process 1119 may already be dead or unreachable.
[*] Forensic Brain starting analysis for: system76-scheduler...
[+] Forensic Brain finished analyzing system76-scheduler. Details sent to UI.
[!] REFLEX BRAIN SYSCALL BLOCK: system76-scheduler
[KILL] Process 1119 may already be dead or unreachable.
[*] Forensic Brain starting analysis for: system76-scheduler...
[+] Forensic Brain finished analyzing system76-scheduler. Details sent to UI.
[*] Calming down hardware (Balanced Mode)...
[*] Forensic Brain starting analysis for: system76-scheduler...
[+] Forensic Brain cleared system76-scheduler as SAFE. Logged in background.
[*] Forensic Brain starting analysis for: system76-scheduler...
[+] Forensic Brain cleared system76-scheduler as SAFE. Logged in background.
[*] Calming down hardware (Balanced Mode)...
[*] Forensic Brain starting analysis for: system76-scheduler...
[+] Forensic Brain cleared system76-scheduler as SAFE. Logged in background.
[*] Forensic Brain starting analysis for: system76-scheduler...
[+] Forensic Brain cleared system76-scheduler as SAFE. Logged in background.
[*] Forensic Brain starting analysis for: system76-scheduler...
[+] Forensic Brain cleared system76-scheduler as SAFE. Logged in background.
[*] Forensic Brain starting analysis for: system76-scheduler...
[+] Forensic Brain cleared system76-scheduler as SAFE. Logged in background.
[!] REFLEX BRAIN SYSCALL BLOCK: system76-power
[KILL] Process 48362 may already be dead or unreachable.
[*] Forensic Brain starting analysis for: system76-power...
[+] Forensic Brain finished analyzing system76-power. Details sent to UI.
[*] Forensic Brain starting analysis for: system76-power...
[+] Forensic Brain cleared system76-power as SAFE. Logged in background.
[*] Forensic Brain starting analysis for: system76-power...
[+] Forensic Brain cleared system76-power as SAFE. Logged in background.
[*] Forensic Brain starting analysis for: system76-power...
[+] Forensic Brain cleared system76-power as SAFE. Logged in background.
[*] Calming down hardware (Balanced Mode)...
[*] Forensic Brain starting analysis for: system76-power...
[+] Forensic Brain cleared system76-power as SAFE. Logged in background.
[*] Forensic Brain starting analysis for: system76-power...
[+] Forensic Brain cleared system76-power as SAFE. Logged in background.
[*] Forensic Brain starting analysis for: system76-power...
[+] Forensic Brain cleared system76-power as SAFE. Logged in background.
[*] Forensic Brain starting analysis for: system76-power...
[+] Forensic Brain cleared system76-power as SAFE. Logged in background.
[!] REFLEX BRAIN SYSCALL BLOCK: system76-power
[KILL] Process 48362 may already be dead or unreachable.
[*] Forensic Brain starting analysis for: system76-power...
[+] Forensic Brain finished analyzing system76-power. Details sent to UI.
[*] Forensic Brain starting analysis for: system76-power...
[+] Forensic Brain cleared system76-power as SAFE. Logged in background.
[*] Forensic Brain starting analysis for: system76-power...
[+] Forensic Brain cleared system76-power as SAFE. Logged in background.
[*] Forensic Brain starting analysis for: system76-power...
[+] Forensic Brain cleared system76-power as SAFE. Logged in background.
[*] Calming down hardware (Balanced Mode)...
[*] Forensic Brain starting analysis for: system76-power...
[+] Forensic Brain cleared system76-power as SAFE. Logged in background.
[*] Forensic Brain starting analysis for: system76-power...
[+] Forensic Brain cleared system76-power as SAFE. Logged in background.
[*] Forensic Brain starting analysis for: system76-power...
[+] Forensic Brain cleared system76-power as SAFE. Logged in background.
[*] Forensic Brain starting analysis for: system76-power...
[+] Forensic Brain cleared system76-power as SAFE. Logged in background.
[*] Forensic Brain starting analysis for: system76-power...
[+] Forensic Brain cleared system76-power as SAFE. Logged in background.
[*] Forensic Brain starting analysis for: system76-scheduler...
[+] Forensic Brain cleared system76-scheduler as SAFE. Logged in background.
[*] Forensic Brain starting analysis for: system76-scheduler...
[+] Forensic Brain cleared system76-scheduler as SAFE. Logged in background.
[*] Forensic Brain starting analysis for: system76-scheduler...
[+] Forensic Brain cleared system76-scheduler as SAFE. Logged in background.
[*] Forensic Brain starting analysis for: cron...
[+] Forensic Brain cleared cron as SAFE. Logged in background.
[*] Forensic Brain starting analysis for: cron...
[+] Forensic Brain cleared cron as SAFE. Logged in background.
[*] Forensic Brain starting analysis for: cron...
[+] Forensic Brain cleared cron as SAFE. Logged in background.
[*] Forensic Brain starting analysis for: cron...
[+] Forensic Brain cleared cron as SAFE. Logged in background.
[*] Forensic Brain starting analysis for: cron...
[+] Forensic Brain cleared cron as SAFE. Logged in background.
[*] Forensic Brain starting analysis for: cron...
[+] Forensic Brain cleared cron as SAFE. Logged in background.
[*] Forensic Brain starting analysis for: cron...
[+] Forensic Brain cleared cron as SAFE. Logged in background.
[*] Forensic Brain starting analysis for: cron...
[+] Forensic Brain cleared cron as SAFE. Logged in background.
[*] Forensic Brain starting analysis for: cron...
[+] Forensic Brain cleared cron as SAFE. Logged in background.
[*] Forensic Brain starting analysis for: cron...
[+] Forensic Brain cleared cron as SAFE. Logged in background.
[*] Forensic Brain starting analysis for: cron...
[+] Forensic Brain cleared cron as SAFE. Logged in background.
[*] Forensic Brain starting analysis for: cron...
[+] Forensic Brain cleared cron as SAFE. Logged in background.
[*] Forensic Brain starting analysis for: cron...
[+] Forensic Brain cleared cron as SAFE. Logged in background.
[*] Forensic Brain starting analysis for: cron...
[+] Forensic Brain cleared cron as SAFE. Logged in background.
[*] Forensic Brain starting analysis for: cron...
[+] Forensic Brain cleared cron as SAFE. Logged in background.
[*] Forensic Brain starting analysis for: cron...
[+] Forensic Brain cleared cron as SAFE. Logged in background.
[*] Forensic Brain starting analysis for: cron...
[+] Forensic Brain cleared cron as SAFE. Logged in background.
[*] Forensic Brain starting analysis for: cron...
[+] Forensic Brain cleared cron as SAFE. Logged in background.
[*] Forensic Brain starting analysis for: cron...
[+] Forensic Brain cleared cron as SAFE. Logged in background.
[*] Forensic Brain starting analysis for: cron...
[+] Forensic Brain cleared cron as SAFE. Logged in background.
[*] Forensic Brain starting analysis for: cron...
[+] Forensic Brain cleared cron as SAFE. Logged in background.
[*] Forensic Brain starting analysis for: cron...
[+] Forensic Brain cleared cron as SAFE. Logged in background.
[*] Forensic Brain starting analysis for: cron...
[+] Forensic Brain cleared cron as SAFE. Logged in background.
[*] Forensic Brain starting analysis for: cron...
[+] Forensic Brain cleared cron as SAFE. Logged in background.
[*] Forensic Brain starting analysis for: cron...
[+] Forensic Brain cleared cron as SAFE. Logged in background.
[*] Forensic Brain starting analysis for: cron...
[+] Forensic Brain cleared cron as SAFE. Logged in background.
[*] Forensic Brain starting analysis for: cron...
[+] Forensic Brain cleared cron as SAFE. Logged in background.
[*] Forensic Brain starting analysis for: cron...
[+] Forensic Brain cleared cron as SAFE. Logged in background.
[*] Forensic Brain starting analysis for: cron...
[+] Forensic Brain cleared cron as SAFE. Logged in background.
[*] Forensic Brain starting analysis for: cron...
[+] Forensic Brain cleared cron as SAFE. Logged in background.
[*] Forensic Brain starting analysis for: cron...
[+] Forensic Brain cleared cron as SAFE. Logged in background.
[*] Forensic Brain starting analysis for: cron...
[+] Forensic Brain cleared cron as SAFE. Logged in background.
[*] Forensic Brain starting analysis for: cron...
[+] Forensic Brain cleared cron as SAFE. Logged in background.
[*] Forensic Brain starting analysis for: cron...
[+] Forensic Brain cleared cron as SAFE. Logged in background.
[*] Forensic Brain starting analysis for: cron...
[+] Forensic Brain cleared cron as SAFE. Logged in background.
[*] Forensic Brain starting analysis for: cron...
[+] Forensic Brain cleared cron as SAFE. Logged in background.
[*] Forensic Brain starting analysis for: cron...
[+] Forensic Brain cleared cron as SAFE. Logged in background.
[*] Forensic Brain starting analysis for: cron...
[+] Forensic Brain cleared cron as SAFE. Logged in background.
[!] REFLEX BRAIN SYSCALL BLOCK: cron
[KILL] Process 53941 may already be dead or unreachable.
[*] Forensic Brain starting analysis for: cron...
[+] Forensic Brain finished analyzing cron. Details sent to UI.
[*] Forensic Brain starting analysis for: cron...
[+] Forensic Brain cleared cron as SAFE. Logged in background.
[*] Forensic Brain starting analysis for: cron...
[+] Forensic Brain cleared cron as SAFE. Logged in background.
[*] Forensic Brain starting analysis for: cron...
[+] Forensic Brain cleared cron as SAFE. Logged in background.
[*] Calming down hardware (Balanced Mode)...
[*] Forensic Brain starting analysis for: cron...
[+] Forensic Brain cleared cron as SAFE. Logged in background.
[*] Forensic Brain starting analysis for: cron...
[+] Forensic Brain cleared cron as SAFE. Logged in background.
[*] Forensic Brain starting analysis for: cron...
[+] Forensic Brain cleared cron as SAFE. Logged in background.
[*] Forensic Brain starting analysis for: cron...
[+] Forensic Brain cleared cron as SAFE. Logged in background.
[*] Forensic Brain starting analysis for: cron...
[+] Forensic Brain cleared cron as SAFE. Logged in background.
[*] Forensic Brain starting analysis for: cron...
[+] Forensic Brain cleared cron as SAFE. Logged in background.
[*] Forensic Brain starting analysis for: cron...
[+] Forensic Brain cleared cron as SAFE. Logged in background.
[*] Forensic Brain starting analysis for: cron...
[+] Forensic Brain cleared cron as SAFE. Logged in background.
[*] Forensic Brain starting analysis for: cron...
[+] Forensic Brain cleared cron as SAFE. Logged in background.
[*] Forensic Brain starting analysis for: cron...
[+] Forensic Brain cleared cron as SAFE. Logged in background.
[*] Forensic Brain starting analysis for: cron...
[+] Forensic Brain cleared cron as SAFE. Logged in background.
[*] Forensic Brain starting analysis for: cron...
[+] Forensic Brain cleared cron as SAFE. Logged in background.
[*] Forensic Brain starting analysis for: cron...
[+] Forensic Brain cleared cron as SAFE. Logged in background.
[*] Forensic Brain starting analysis for: cron...
[+] Forensic Brain cleared cron as SAFE. Logged in background.
[*] Forensic Brain starting analysis for: cron...
[+] Forensic Brain cleared cron as SAFE. Logged in background.
[*] Forensic Brain starting analysis for: cron...
[+] Forensic Brain cleared cron as SAFE. Logged in background.
[*] Forensic Brain starting analysis for: cron...
[+] Forensic Brain cleared cron as SAFE. Logged in background.
[*] Forensic Brain starting analysis for: cron...
[+] Forensic Brain cleared cron as SAFE. Logged in background.
[*] Forensic Brain starting analysis for: cron...
[+] Forensic Brain cleared cron as SAFE. Logged in background.
[*] Forensic Brain starting analysis for: cron...
[+] Forensic Brain cleared cron as SAFE. Logged in background.
[*] Forensic Brain starting analysis for: cron...
[+] Forensic Brain cleared cron as SAFE. Logged in background.
[*] Forensic Brain starting analysis for: cron...
[+] Forensic Brain cleared cron as SAFE. Logged in background.
[*] Forensic Brain starting analysis for: cron...
[+] Forensic Brain cleared cron as SAFE. Logged in background.
[*] Forensic Brain starting analysis for: cron...
[+] Forensic Brain cleared cron as SAFE. Logged in background.
[*] Forensic Brain starting analysis for: cron...
[+] Forensic Brain cleared cron as SAFE. Logged in background.
[*] Forensic Brain starting analysis for: cron...
[+] Forensic Brain cleared cron as SAFE. Logged in background.
[*] Forensic Brain starting analysis for: cron...
[+] Forensic Brain cleared cron as SAFE. Logged in background.
[*] Forensic Brain starting analysis for: cron...
[+] Forensic Brain cleared cron as SAFE. Logged in background.
[*] Forensic Brain starting analysis for: cron...
[+] Forensic Brain cleared cron as SAFE. Logged in background.
[*] Forensic Brain starting analysis for: cron...
[+] Forensic Brain cleared cron as SAFE. Logged in background.
[*] Forensic Brain starting analysis for: cron...
[+] Forensic Brain cleared cron as SAFE. Logged in background.
[*] Forensic Brain starting analysis for: cron...
[+] Forensic Brain cleared cron as SAFE. Logged in background.
[*] Forensic Brain starting analysis for: cron...
[+] Forensic Brain cleared cron as SAFE. Logged in background.
[*] Forensic Brain starting analysis for: cron...
[+] Forensic Brain cleared cron as SAFE. Logged in background.
[!] REFLEX BRAIN SYSCALL BLOCK: cron
[KILL] Process 53938 may already be dead or unreachable.
[*] Forensic Brain starting analysis for: cron...
[+] Forensic Brain finished analyzing cron. Details sent to UI.
[*] Forensic Brain starting analysis for: cron...
[+] Forensic Brain cleared cron as SAFE. Logged in background.
[*] Forensic Brain starting analysis for: cron...
[+] Forensic Brain cleared cron as SAFE. Logged in background.
[*] Calming down hardware (Balanced Mode)...
[*] Forensic Brain starting analysis for: cron...
[+] Forensic Brain cleared cron as SAFE. Logged in background.
[*] Forensic Brain starting analysis for: cron...
[+] Forensic Brain cleared cron as SAFE. Logged in background.
[*] Forensic Brain starting analysis for: cron...
[+] Forensic Brain cleared cron as SAFE. Logged in background.
[*] Forensic Brain starting analysis for: cron...
[+] Forensic Brain cleared cron as SAFE. Logged in background.
[*] Forensic Brain starting analysis for: cron...
[+] Forensic Brain cleared cron as SAFE. Logged in background.
[*] Forensic Brain starting analysis for: cron...
[+] Forensic Brain cleared cron as SAFE. Logged in background.
[*] Forensic Brain starting analysis for: cron...
[+] Forensic Brain cleared cron as SAFE. Logged in background.
[*] Forensic Brain starting analysis for: cron...
[+] Forensic Brain cleared cron as SAFE. Logged in background.
[*] Forensic Brain starting analysis for: cron...
[+] Forensic Brain cleared cron as SAFE. Logged in background.
[*] Forensic Brain starting analysis for: cron...
[+] Forensic Brain cleared cron as SAFE. Logged in background.
[*] Forensic Brain starting analysis for: cron...
[+] Forensic Brain cleared cron as SAFE. Logged in background.
[!] REFLEX BRAIN SYSCALL BLOCK: cron
[KILL] Process 53939 may already be dead or unreachable.
[*] Forensic Brain starting analysis for: cron...
[+] Forensic Brain finished analyzing cron. Details sent to UI.
[*] Forensic Brain starting analysis for: cron...
[+] Forensic Brain cleared cron as SAFE. Logged in background.
[*] Forensic Brain starting analysis for: cron...
[+] Forensic Brain cleared cron as SAFE. Logged in background.
[*] Calming down hardware (Balanced Mode)...
[*] Forensic Brain starting analysis for: cron...
[+] Forensic Brain cleared cron as SAFE. Logged in background.
[*] Forensic Brain starting analysis for: cron...
[+] Forensic Brain cleared cron as SAFE. Logged in background.
[!] REFLEX BRAIN SYSCALL BLOCK: cron
[KILL] Process 53938 may already be dead or unreachable.
[*] Forensic Brain starting analysis for: cron...
[+] Forensic Brain finished analyzing cron. Details sent to UI.
[*] Forensic Brain starting analysis for: cron...
[+] Forensic Brain cleared cron as SAFE. Logged in background.
[*] Calming down hardware (Balanced Mode)...
[*] Forensic Brain starting analysis for: cron...
[+] Forensic Brain cleared cron as SAFE. Logged in background.
[*] Forensic Brain starting analysis for: cron...
[+] Forensic Brain cleared cron as SAFE. Logged in background.
[*] Forensic Brain starting analysis for: cron...
[+] Forensic Brain cleared cron as SAFE. Logged in background.
[*] Forensic Brain starting analysis for: cron...
[+] Forensic Brain cleared cron as SAFE. Logged in background.
[*] Forensic Brain starting analysis for: cron...
[+] Forensic Brain cleared cron as SAFE. Logged in background.
[*] Forensic Brain starting analysis for: cron...
[+] Forensic Brain cleared cron as SAFE. Logged in background.
[*] Forensic Brain starting analysis for: cron...
[+] Forensic Brain cleared cron as SAFE. Logged in background.
[*] Forensic Brain starting analysis for: cron...
[+] Forensic Brain cleared cron as SAFE. Logged in background.
[*] Forensic Brain starting analysis for: cron...
[+] Forensic Brain cleared cron as SAFE. Logged in background.
[*] Forensic Brain starting analysis for: cron...
[+] Forensic Brain cleared cron as SAFE. Logged in background.
[*] Forensic Brain starting analysis for: cron...
[+] Forensic Brain cleared cron as SAFE. Logged in background.
[*] Forensic Brain starting analysis for: cron...
[+] Forensic Brain cleared cron as SAFE. Logged in background.
[*] Forensic Brain starting analysis for: cron...
[+] Forensic Brain cleared cron as SAFE. Logged in background.
[*] Forensic Brain starting analysis for: cron...
[+] Forensic Brain cleared cron as SAFE. Logged in background.
[*] Forensic Brain starting analysis for: cron...
[+] Forensic Brain cleared cron as SAFE. Logged in background.
[*] Forensic Brain starting analysis for: cron...
[+] Forensic Brain cleared cron as SAFE. Logged in background.
[*] Forensic Brain starting analysis for: cron...
[+] Forensic Brain cleared cron as SAFE. Logged in background.
[!] REFLEX BRAIN SYSCALL BLOCK: cron
[KILL] Process 53941 may already be dead or unreachable.
[*] Forensic Brain starting analysis for: cron...
[+] Forensic Brain finished analyzing cron. Details sent to UI.
[*] Forensic Brain starting analysis for: cron...
[+] Forensic Brain cleared cron as SAFE. Logged in background.
[!] REFLEX BRAIN SYSCALL BLOCK: cron
[KILL] Process 53939 may already be dead or unreachable.
[*] Calming down hardware (Balanced Mode)...
[*] Forensic Brain starting analysis for: cron...
[+] Forensic Brain finished analyzing cron. Details sent to UI.
[*] Forensic Brain starting analysis for: cron...
[+] Forensic Brain cleared cron as SAFE. Logged in background.
[*] Calming down hardware (Balanced Mode)...
[*] Forensic Brain starting analysis for: cron...
[+] Forensic Brain cleared cron as SAFE. Logged in background.
[*] Forensic Brain starting analysis for: cron...
[+] Forensic Brain cleared cron as SAFE. Logged in background.
[*] Forensic Brain starting analysis for: cron...
[+] Forensic Brain cleared cron as SAFE. Logged in background.
[*] Forensic Brain starting analysis for: cron...
[+] Forensic Brain cleared cron as SAFE. Logged in background.
[*] Forensic Brain starting analysis for: cron...
[+] Forensic Brain cleared cron as SAFE. Logged in background.
[*] Forensic Brain starting analysis for: cron...
[+] Forensic Brain cleared cron as SAFE. Logged in background.
[*] Forensic Brain starting analysis for: cron...
[+] Forensic Brain cleared cron as SAFE. Logged in background.
[*] Forensic Brain starting analysis for: cron...
[+] Forensic Brain cleared cron as SAFE. Logged in background.
[*] Forensic Brain starting analysis for: cron...
[+] Forensic Brain cleared cron as SAFE. Logged in background.
[*] Forensic Brain starting analysis for: cron...
[+] Forensic Brain cleared cron as SAFE. Logged in background.
[*] Forensic Brain starting analysis for: cron...
[+] Forensic Brain cleared cron as SAFE. Logged in background.
[*] Forensic Brain starting analysis for: cron...
[+] Forensic Brain cleared cron as SAFE. Logged in background.
[*] Forensic Brain starting analysis for: cron...
[+] Forensic Brain cleared cron as SAFE. Logged in background.
[*] Forensic Brain starting analysis for: cron...
[+] Forensic Brain cleared cron as SAFE. Logged in background.
[*] Forensic Brain starting analysis for: cron...
[+] Forensic Brain cleared cron as SAFE. Logged in background.
[*] Forensic Brain starting analysis for: cron...
[+] Forensic Brain cleared cron as SAFE. Logged in background.
[*] Forensic Brain starting analysis for: cron...
[+] Forensic Brain cleared cron as SAFE. Logged in background.
[*] Forensic Brain starting analysis for: cron...
[+] Forensic Brain cleared cron as SAFE. Logged in background.
[*] Forensic Brain starting analysis for: cron...
[+] Forensic Brain cleared cron as SAFE. Logged in background.
[*] Forensic Brain starting analysis for: cron...
[+] Forensic Brain cleared cron as SAFE. Logged in background.
[*] Forensic Brain starting analysis for: cron...
[+] Forensic Brain cleared cron as SAFE. Logged in background.
[*] Forensic Brain starting analysis for: cron...
[+] Forensic Brain cleared cron as SAFE. Logged in background.
[*] Forensic Brain starting analysis for: cron...
[+] Forensic Brain cleared cron as SAFE. Logged in background.
[*] Forensic Brain starting analysis for: cron...
[+] Forensic Brain cleared cron as SAFE. Logged in background.
[*] Forensic Brain starting analysis for: cron...
[+] Forensic Brain cleared cron as SAFE. Logged in background.
[*] Forensic Brain starting analysis for: cron...
[+] Forensic Brain cleared cron as SAFE. Logged in background.
[*] Forensic Brain starting analysis for: cron...
[+] Forensic Brain cleared cron as SAFE. Logged in background.
[*] Forensic Brain starting analysis for: cron...
[+] Forensic Brain cleared cron as SAFE. Logged in background.
[*] Forensic Brain starting analysis for: cron...
[+] Forensic Brain cleared cron as SAFE. Logged in background.
[*] Forensic Brain starting analysis for: cron...
[+] Forensic Brain cleared cron as SAFE. Logged in background.
[*] Forensic Brain starting analysis for: cron...
[+] Forensic Brain cleared cron as SAFE. Logged in background.
[*] Forensic Brain starting analysis for: cron...
[+] Forensic Brain cleared cron as SAFE. Logged in background.
[*] Forensic Brain starting analysis for: cron...
[+] Forensic Brain cleared cron as SAFE. Logged in background.
[*] Forensic Brain starting analysis for: cron...
[+] Forensic Brain cleared cron as SAFE. Logged in background.
[*] Forensic Brain starting analysis for: cron...
[+] Forensic Brain cleared cron as SAFE. Logged in background.
[*] Forensic Brain starting analysis for: cron...
[+] Forensic Brain cleared cron as SAFE. Logged in background.
[*] Forensic Brain starting analysis for: cron...
[+] Forensic Brain cleared cron as SAFE. Logged in background.
[*] Forensic Brain starting analysis for: cron...
[+] Forensic Brain cleared cron as SAFE. Logged in background.
[*] Forensic Brain starting analysis for: cron...
[+] Forensic Brain cleared cron as SAFE. Logged in background.
[*] Forensic Brain starting analysis for: cron...
[+] Forensic Brain cleared cron as SAFE. Logged in background.
[*] Forensic Brain starting analysis for: cron...
[+] Forensic Brain cleared cron as SAFE. Logged in background.
[*] Forensic Brain starting analysis for: cron...
[+] Forensic Brain cleared cron as SAFE. Logged in background.
[*] Forensic Brain starting analysis for: cron...
[+] Forensic Brain cleared cron as SAFE. Logged in background.
[*] Forensic Brain starting analysis for: cron...
[+] Forensic Brain cleared cron as SAFE. Logged in background.
[*] Forensic Brain starting analysis for: cron...
[+] Forensic Brain cleared cron as SAFE. Logged in background.
[*] Forensic Brain starting analysis for: cron...
[+] Forensic Brain cleared cron as SAFE. Logged in background.
[*] Forensic Brain starting analysis for: cron...
[+] Forensic Brain cleared cron as SAFE. Logged in background.
[*] Forensic Brain starting analysis for: cron...
[+] Forensic Brain cleared cron as SAFE. Logged in background.
[*] Forensic Brain starting analysis for: cron...
[+] Forensic Brain cleared cron as SAFE. Logged in background.
[*] Forensic Brain starting analysis for: cron...
[+] Forensic Brain cleared cron as SAFE. Logged in background.
[*] Forensic Brain starting analysis for: cron...
[+] Forensic Brain cleared cron as SAFE. Logged in background.
[*] Forensic Brain starting analysis for: cron...
[+] Forensic Brain cleared cron as SAFE. Logged in background.
[*] Forensic Brain starting analysis for: cron...
[+] Forensic Brain cleared cron as SAFE. Logged in background.
[*] Forensic Brain starting analysis for: cron...
[+] Forensic Brain cleared cron as SAFE. Logged in background.
[*] Forensic Brain starting analysis for: cron...
[+] Forensic Brain cleared cron as SAFE. Logged in background.
[*] Forensic Brain starting analysis for: cron...
[+] Forensic Brain cleared cron as SAFE. Logged in background.
[*] Forensic Brain starting analysis for: cron...
[+] Forensic Brain cleared cron as SAFE. Logged in background.
[*] Forensic Brain starting analysis for: cron...
[+] Forensic Brain cleared cron as SAFE. Logged in background.
[*] Forensic Brain starting analysis for: cron...
[+] Forensic Brain cleared cron as SAFE. Logged in background.
[*] Forensic Brain starting analysis for: cron...
[+] Forensic Brain cleared cron as SAFE. Logged in background.
[*] Forensic Brain starting analysis for: cron...
[+] Forensic Brain cleared cron as SAFE. Logged in background.
[*] Forensic Brain starting analysis for: cron...
[+] Forensic Brain cleared cron as SAFE. Logged in background.
[*] Forensic Brain starting analysis for: cron...
[+] Forensic Brain cleared cron as SAFE. Logged in background.
[*] Forensic Brain starting analysis for: cron...
[+] Forensic Brain cleared cron as SAFE. Logged in background.
[*] Forensic Brain starting analysis for: cron...
[+] Forensic Brain cleared cron as SAFE. Logged in background.
[*] Forensic Brain starting analysis for: cron...
[+] Forensic Brain cleared cron as SAFE. Logged in background.
[*] Forensic Brain starting analysis for: cron...
[+] Forensic Brain cleared cron as SAFE. Logged in background.
[*] Forensic Brain starting analysis for: cron...
[+] Forensic Brain cleared cron as SAFE. Logged in background.
[*] Forensic Brain starting analysis for: cron...
[+] Forensic Brain cleared cron as SAFE. Logged in background.
[!] REFLEX BRAIN SYSCALL BLOCK: cron
[KILL] Process 53940 may already be dead or unreachable.
[*] Forensic Brain starting analysis for: cron...
[+] Forensic Brain finished analyzing cron. Details sent to UI.
[!] REFLEX BRAIN SYSCALL BLOCK: cron
[KILL] Process 53940 may already be dead or unreachable.
[*] Forensic Brain starting analysis for: cron...
[+] Forensic Brain finished analyzing cron. Details sent to UI.
[*] Forensic Brain starting analysis for: cron...
[+] Forensic Brain cleared cron as SAFE. Logged in background.
[*] Calming down hardware (Balanced Mode)...
[*] Forensic Brain starting analysis for: cron...
[+] Forensic Brain cleared cron as SAFE. Logged in background.
[*] Calming down hardware (Balanced Mode)...
[*] Forensic Brain starting analysis for: cron...
[+] Forensic Brain cleared cron as SAFE. Logged in background.
[*] Forensic Brain starting analysis for: cron...
[+] Forensic Brain cleared cron as SAFE. Logged in background.
[*] Forensic Brain starting analysis for: cron...
[+] Forensic Brain cleared cron as SAFE. Logged in background.
[*] Forensic Brain starting analysis for: cron...
[+] Forensic Brain cleared cron as SAFE. Logged in background.
[*] Forensic Brain starting analysis for: cron...
[+] Forensic Brain cleared cron as SAFE. Logged in background.
[*] Forensic Brain starting analysis for: cron...
[+] Forensic Brain cleared cron as SAFE. Logged in background.
[*] Forensic Brain starting analysis for: cron...
[+] Forensic Brain cleared cron as SAFE. Logged in background.
[*] Forensic Brain starting analysis for: cron...
[+] Forensic Brain cleared cron as SAFE. Logged in background.
[*] Forensic Brain starting analysis for: cron...
[+] Forensic Brain cleared cron as SAFE. Logged in background.
[*] Forensic Brain starting analysis for: cron...
[+] Forensic Brain cleared cron as SAFE. Logged in background.
[*] Forensic Brain starting analysis for: cron...
[+] Forensic Brain cleared cron as SAFE. Logged in background.
[*] Forensic Brain starting analysis for: cron...
[+] Forensic Brain cleared cron as SAFE. Logged in background.
[*] Forensic Brain starting analysis for: cron...
[+] Forensic Brain cleared cron as SAFE. Logged in background.
[*] Forensic Brain starting analysis for: cron...
[+] Forensic Brain cleared cron as SAFE. Logged in background.
[*] Forensic Brain starting analysis for: cron...
[+] Forensic Brain cleared cron as SAFE. Logged in background.
[*] Forensic Brain starting analysis for: cron...
[+] Forensic Brain cleared cron as SAFE. Logged in background.
[*] Forensic Brain starting analysis for: cron...
[+] Forensic Brain cleared cron as SAFE. Logged in background.
[*] Forensic Brain starting analysis for: cron...
[+] Forensic Brain cleared cron as SAFE. Logged in background.
[*] Forensic Brain starting analysis for: cron...
[+] Forensic Brain cleared cron as SAFE. Logged in background.
[*] Forensic Brain starting analysis for: cron...
[+] Forensic Brain cleared cron as SAFE. Logged in background.
[*] Forensic Brain starting analysis for: cron...
[+] Forensic Brain cleared cron as SAFE. Logged in background.
[*] Forensic Brain starting analysis for: cron...
[+] Forensic Brain cleared cron as SAFE. Logged in background.
[*] Forensic Brain starting analysis for: cron...
[+] Forensic Brain cleared cron as SAFE. Logged in background.
[*] Forensic Brain starting analysis for: cron...
[+] Forensic Brain cleared cron as SAFE. Logged in background.
[*] Forensic Brain starting analysis for: cron...
[+] Forensic Brain cleared cron as SAFE. Logged in background.
[*] Forensic Brain starting analysis for: cron...
[+] Forensic Brain cleared cron as SAFE. Logged in background.
[*] Forensic Brain starting analysis for: cron...
[+] Forensic Brain cleared cron as SAFE. Logged in background.
[*] Forensic Brain starting analysis for: cron...
[+] Forensic Brain cleared cron as SAFE. Logged in background.
[*] Forensic Brain starting analysis for: cron...
[+] Forensic Brain cleared cron as SAFE. Logged in background.
[*] Forensic Brain starting analysis for: cron...
[+] Forensic Brain cleared cron as SAFE. Logged in background.
[*] Forensic Brain starting analysis for: cron...
[+] Forensic Brain cleared cron as SAFE. Logged in background.
[*] Forensic Brain starting analysis for: cron...
[+] Forensic Brain cleared cron as SAFE. Logged in background.
[*] Forensic Brain starting analysis for: cron...
[+] Forensic Brain cleared cron as SAFE. Logged in background.
[*] Forensic Brain starting analysis for: cron...
[+] Forensic Brain cleared cron as SAFE. Logged in background.
[*] Forensic Brain starting analysis for: cron...
[+] Forensic Brain cleared cron as SAFE. Logged in background.
[*] Forensic Brain starting analysis for: cron...
[+] Forensic Brain cleared cron as SAFE. Logged in background.
[*] Forensic Brain starting analysis for: cron...
[+] Forensic Brain cleared cron as SAFE. Logged in background.
[*] Forensic Brain starting analysis for: cron...
[+] Forensic Brain cleared cron as SAFE. Logged in background.
[*] Forensic Brain starting analysis for: cron...
[+] Forensic Brain cleared cron as SAFE. Logged in background.
[*] Forensic Brain starting analysis for: cron...
[+] Forensic Brain cleared cron as SAFE. Logged in background.
[*] Forensic Brain starting analysis for: cron...
[+] Forensic Brain cleared cron as SAFE. Logged in background.
[*] Forensic Brain starting analysis for: cron...
[+] Forensic Brain cleared cron as SAFE. Logged in background.
[*] Forensic Brain starting analysis for: cron...
[+] Forensic Brain cleared cron as SAFE. Logged in background.
[*] Forensic Brain starting analysis for: cron...
[+] Forensic Brain cleared cron as SAFE. Logged in background.
[*] Forensic Brain starting analysis for: cron...
[+] Forensic Brain cleared cron as SAFE. Logged in background.
[*] Forensic Brain starting analysis for: cron...
[+] Forensic Brain cleared cron as SAFE. Logged in background.
[*] Forensic Brain starting analysis for: cron...
[+] Forensic Brain cleared cron as SAFE. Logged in background.
[*] Forensic Brain starting analysis for: cron...
[+] Forensic Brain cleared cron as SAFE. Logged in background.
[*] Forensic Brain starting analysis for: cron...
[+] Forensic Brain cleared cron as SAFE. Logged in background.
[*] Forensic Brain starting analysis for: cron...
[+] Forensic Brain cleared cron as SAFE. Logged in background.
[*] Forensic Brain starting analysis for: cron...
[+] Forensic Brain cleared cron as SAFE. Logged in background.
[*] Forensic Brain starting analysis for: cron...
[+] Forensic Brain cleared cron as SAFE. Logged in background.
[*] Forensic Brain starting analysis for: cron...
[+] Forensic Brain cleared cron as SAFE. Logged in background.
[*] Forensic Brain starting analysis for: cron...
[+] Forensic Brain cleared cron as SAFE. Logged in background.
[*] Forensic Brain starting analysis for: cron...
[+] Forensic Brain cleared cron as SAFE. Logged in background.
[*] Forensic Brain starting analysis for: cron...
[+] Forensic Brain cleared cron as SAFE. Logged in background.
[*] Forensic Brain starting analysis for: cron...
[+] Forensic Brain cleared cron as SAFE. Logged in background.
[*] Forensic Brain starting analysis for: system76-scheduler...
[+] Forensic Brain cleared system76-scheduler as SAFE. Logged in background.
[*] Forensic Brain starting analysis for: system76-power...
[+] Forensic Brain cleared system76-power as SAFE. Logged in background.
[*] Forensic Brain starting analysis for: system76-power...
[+] Forensic Brain cleared system76-power as SAFE. Logged in background.
[*] Forensic Brain starting analysis for: system76-power...
[+] Forensic Brain cleared system76-power as SAFE. Logged in background.
[*] Forensic Brain starting analysis for: system76-power...
[+] Forensic Brain cleared system76-power as SAFE. Logged in background.
[*] Forensic Brain starting analysis for: system76-power...
[+] Forensic Brain cleared system76-power as SAFE. Logged in background.
[*] Forensic Brain starting analysis for: system76-power...
[+] Forensic Brain cleared system76-power as SAFE. Logged in background.
[*] Forensic Brain starting analysis for: system76-power...
[+] Forensic Brain cleared system76-power as SAFE. Logged in background.
[*] Forensic Brain starting analysis for: system76-power...
[+] Forensic Brain cleared system76-power as SAFE. Logged in background.
[*] Forensic Brain starting analysis for: system76-power...
[+] Forensic Brain cleared system76-power as SAFE. Logged in background.
[*] Forensic Brain starting analysis for: system76-power...
[+] Forensic Brain cleared system76-power as SAFE. Logged in background.
[*] Forensic Brain starting analysis for: system76-power...
[+] Forensic Brain cleared system76-power as SAFE. Logged in background.
[*] Forensic Brain starting analysis for: system76-power...
[+] Forensic Brain cleared system76-power as SAFE. Logged in background.
[*] Forensic Brain starting analysis for: system76-power...
[+] Forensic Brain cleared system76-power as SAFE. Logged in background.
[*] Forensic Brain starting analysis for: system76-power...
[+] Forensic Brain cleared system76-power as SAFE. Logged in background.
[*] Forensic Brain starting analysis for: system76-power...
[+] Forensic Brain cleared system76-power as SAFE. Logged in background.
[*] Forensic Brain starting analysis for: system76-power...
[+] Forensic Brain cleared system76-power as SAFE. Logged in background.
[*] Forensic Brain starting analysis for: system76-power...
[+] Forensic Brain cleared system76-power as SAFE. Logged in background.
[*] Forensic Brain starting analysis for: system76-power...
[+] Forensic Brain cleared system76-power as SAFE. Logged in background.
[*] Forensic Brain starting analysis for: system76-power...
[+] Forensic Brain cleared system76-power as SAFE. Logged in background.
[*] Forensic Brain starting analysis for: system76-power...
[+] Forensic Brain cleared system76-power as SAFE. Logged in background.
[*] Forensic Brain starting analysis for: system76-power...
[+] Forensic Brain cleared system76-power as SAFE. Logged in background.
[*] Forensic Brain starting analysis for: system76-power...
[+] Forensic Brain cleared system76-power as SAFE. Logged in background.
[*] Forensic Brain starting analysis for: system76-power...
[+] Forensic Brain cleared system76-power as SAFE. Logged in background.
[*] Forensic Brain starting analysis for: system76-power...
[+] Forensic Brain cleared system76-power as SAFE. Logged in background.
[*] Forensic Brain starting analysis for: system76-power...
[+] Forensic Brain cleared system76-power as SAFE. Logged in background.
[*] Forensic Brain starting analysis for: system76-power...
[+] Forensic Brain cleared system76-power as SAFE. Logged in background.
[*] Forensic Brain starting analysis for: system76-power...
[+] Forensic Brain cleared system76-power as SAFE. Logged in background.
[*] Forensic Brain starting analysis for: system76-power...
[+] Forensic Brain cleared system76-power as SAFE. Logged in background.
[*] Forensic Brain starting analysis for: system76-power...
[+] Forensic Brain cleared system76-power as SAFE. Logged in background.
[*] Forensic Brain starting analysis for: system76-power...
[+] Forensic Brain cleared system76-power as SAFE. Logged in background.
[*] Forensic Brain starting analysis for: system76-power...
[+] Forensic Brain cleared system76-power as SAFE. Logged in background.
[*] Forensic Brain starting analysis for: system76-power...
[+] Forensic Brain cleared system76-power as SAFE. Logged in background.
[*] Forensic Brain starting analysis for: system76-power...
[+] Forensic Brain cleared system76-power as SAFE. Logged in background.
[*] Forensic Brain starting analysis for: system76-power...
[+] Forensic Brain cleared system76-power as SAFE. Logged in background.
[*] Forensic Brain starting analysis for: which...
[+] Forensic Brain cleared which as SAFE. Logged in background.
[*] Forensic Brain starting analysis for: which...
[+] Forensic Brain cleared which as SAFE. Logged in background.
[*] Forensic Brain starting analysis for: which...
[+] Forensic Brain cleared which as SAFE. Logged in background.
